[0m2021.05.08 00:34:25 INFO  Started: Metals version 0.10.2 in workspace '/Users/kohta/PracticeCodes' for client vscode 1.56.0.[0m
[0m2021.05.08 00:34:26 INFO  time: initialize in 1.38s[0m
[0m2021.05.08 00:34:27 WARN  Build server is not auto-connectable.[0m
[0m2021.05.08 00:34:27 WARN  no build tool detected in workspace '/Users/kohta/PracticeCodes'. The most common cause for this problem is that the editor was opened in the wrong working directory, for example if you use sbt then the workspace directory should contain build.sbt. [0m
[0m2021.05.08 00:34:27 WARN  no build target for: /Users/kohta/PracticeCodes/LeetCode/1. Template/Template.scala[0m
[0m2021.05.08 00:34:30 INFO  no build target: using presentation compiler with only scala-library: 2.12.13[0m
[0m2021.05.08 00:34:32 INFO  time: code lens generation in 1.41s[0m
[0m2021.05.08 00:34:32 INFO  time: code lens generation in 1.42s[0m
[0m2021.05.08 00:34:32 INFO  time: code lens generation in 1.42s[0m
[0m2021.05.08 00:34:32 INFO  time: code lens generation in 1.43s[0m
[0m2021.05.08 00:34:32 INFO  time: code lens generation in 1.44s[0m
[0m2021.05.08 00:34:32 INFO  time: code lens generation in 1.44s[0m
[0m2021.05.08 00:34:32 INFO  time: code lens generation in 1.45s[0m
[0m2021.05.08 00:34:32 INFO  time: code lens generation in 1.46s[0m
[0m2021.05.08 00:34:32 INFO  time: code lens generation in 1.47s[0m
[0m2021.05.08 00:34:32 INFO  time: code lens generation in 1.48s[0m
[0m2021.05.08 00:34:32 INFO  time: code lens generation in 1.49s[0m
[0m2021.05.08 00:34:32 INFO  time: code lens generation in 1.49s[0m
[0m2021.05.08 00:34:32 INFO  time: code lens generation in 1.5s[0m
[0m2021.05.08 00:34:32 INFO  time: code lens generation in 1.51s[0m
May 08, 2021 12:34:32 AM org.eclipse.lsp4j.jsonrpc.RemoteEndpoint fallbackResponseError
SEVERE: Internal error: java.lang.IllegalArgumentException: 2 is not a valid line number, allowed [0..1]
java.util.concurrent.CompletionException: java.lang.IllegalArgumentException: 2 is not a valid line number, allowed [0..1]
	at java.base/java.util.concurrent.CompletableFuture.encodeThrowable(CompletableFuture.java:331)
	at java.base/java.util.concurrent.CompletableFuture.completeThrowable(CompletableFuture.java:346)
	at java.base/java.util.concurrent.CompletableFuture$UniAccept.tryFire(CompletableFuture.java:704)
	at java.base/java.util.concurrent.CompletableFuture.postComplete(CompletableFuture.java:506)
	at java.base/java.util.concurrent.CompletableFuture.completeExceptionally(CompletableFuture.java:2088)
	at scala.meta.internal.metals.CancelTokens$.$anonfun$future$1(CancelTokens.scala:40)
	at scala.meta.internal.metals.CancelTokens$.$anonfun$future$1$adapted(CancelTokens.scala:38)
	at scala.concurrent.impl.CallbackRunnable.run(Promise.scala:64)
	at java.base/java.util.concurrent.ThreadPoolExecutor.runWorker(ThreadPoolExecutor.java:1128)
	at java.base/java.util.concurrent.ThreadPoolExecutor$Worker.run(ThreadPoolExecutor.java:628)
	at java.base/java.lang.Thread.run(Thread.java:834)
Caused by: java.lang.IllegalArgumentException: 2 is not a valid line number, allowed [0..1]
	at scala.meta.internal.inputs.InternalInput.lineToOffset(InternalInput.scala:37)
	at scala.meta.internal.inputs.InternalInput.lineToOffset$(InternalInput.scala:32)
	at scala.meta.inputs.Input$VirtualFile.lineToOffset(Input.scala:80)
	at scala.meta.inputs.Position$Range$.apply(Position.scala:59)
	at scala.meta.internal.mtags.MtagsEnrichments$XtensionPositionLspInverse.toMeta(MtagsEnrichments.scala:200)
	at scala.meta.internal.parsing.Trees.$anonfun$findLastEnclosingAt$5(Trees.scala:71)
	at scala.Option.flatMap(Option.scala:271)
	at scala.meta.internal.parsing.Trees.findLastEnclosingAt(Trees.scala:70)
	at scala.meta.internal.metals.codeactions.InsertInferredType.$anonfun$contribute$1(InsertInferredType.scala:80)
	at scala.concurrent.Future$.$anonfun$apply$1(Future.scala:659)
	at scala.util.Success.$anonfun$map$1(Try.scala:255)
	at scala.util.Success.map(Try.scala:213)
	at scala.concurrent.Future.$anonfun$map$1(Future.scala:292)
	at scala.concurrent.impl.Promise.liftedTree1$1(Promise.scala:33)
	at scala.concurrent.impl.Promise.$anonfun$transform$1(Promise.scala:33)
	... 4 more

[0m2021.05.08 00:34:44 WARN  no build target for: /Users/kohta/PracticeCodes/LeetCode/1. Template/Template.scala[0m
May 08, 2021 12:36:41 AM org.eclipse.lsp4j.jsonrpc.services.GenericEndpoint notify
INFO: Unsupported notification method: $/setTraceNotification
May 08, 2021 12:36:43 AM org.eclipse.lsp4j.jsonrpc.services.GenericEndpoint notify
INFO: Unsupported notification method: $/setTraceNotification
May 08, 2021 12:36:44 AM org.eclipse.lsp4j.jsonrpc.services.GenericEndpoint notify
INFO: Unsupported notification method: $/setTraceNotification
May 08, 2021 12:36:44 AM org.eclipse.lsp4j.jsonrpc.services.GenericEndpoint notify
INFO: Unsupported notification method: $/setTraceNotification
May 08, 2021 12:36:45 AM org.eclipse.lsp4j.jsonrpc.services.GenericEndpoint notify
INFO: Unsupported notification method: $/setTraceNotification
May 08, 2021 12:36:45 AM org.eclipse.lsp4j.jsonrpc.services.GenericEndpoint notify
INFO: Unsupported notification method: $/setTraceNotification
May 08, 2021 12:36:48 AM org.eclipse.lsp4j.jsonrpc.services.GenericEndpoint notify
INFO: Unsupported notification method: $/setTraceNotification
May 08, 2021 12:36:52 AM org.eclipse.lsp4j.jsonrpc.services.GenericEndpoint notify
INFO: Unsupported notification method: $/setTraceNotification
May 08, 2021 12:36:52 AM org.eclipse.lsp4j.jsonrpc.services.GenericEndpoint notify
INFO: Unsupported notification method: $/setTraceNotification
May 08, 2021 12:37:15 AM org.eclipse.lsp4j.jsonrpc.services.GenericEndpoint notify
INFO: Unsupported notification method: $/setTraceNotification
May 08, 2021 12:37:29 AM org.eclipse.lsp4j.jsonrpc.services.GenericEndpoint notify
INFO: Unsupported notification method: $/setTraceNotification
May 08, 2021 12:38:06 AM org.eclipse.lsp4j.jsonrpc.services.GenericEndpoint notify
INFO: Unsupported notification method: $/setTraceNotification
May 08, 2021 12:38:58 AM org.eclipse.lsp4j.jsonrpc.services.GenericEndpoint notify
INFO: Unsupported notification method: $/setTraceNotification
